<?xml version="1.0" encoding="UTF-8"?>
<testng-results ignored="0" total="1" passed="1" failed="0" skipped="0">
  <reporter-output>
  </reporter-output>
  <suite started-at="2024-03-26T12:08:27 IST" name="Suite" finished-at="2024-03-26T12:08:27 IST" duration-ms="58">
    <groups>
    </groups>
    <test started-at="2024-03-26T12:08:27 IST" name="Test" finished-at="2024-03-26T12:08:27 IST" duration-ms="58">
      <class name="TestCase.Test_CarInsurance">
        <test-method signature="f()[pri:0, instance:TestCase.Test_CarInsurance@3c419631]" started-at="2024-03-26T12:08:27 IST" name="f" finished-at="2024-03-26T12:08:27 IST" duration-ms="7" status="PASS">
          <reporter-output>
          </reporter-output>
        </test-method> <!-- f -->
      </class> <!-- TestCase.Test_CarInsurance -->
    </test> <!-- Test -->
  </suite> <!-- Suite -->
</testng-results>
