<?xml version="1.0" encoding="UTF-8"?>
<testng-results ignored="0" total="3" passed="2" failed="1" skipped="0">
  <reporter-output>
  </reporter-output>
  <suite started-at="2024-03-29T10:30:11 IST" name="Suite" finished-at="2024-03-29T10:32:08 IST" duration-ms="117197">
    <groups>
    </groups>
    <test started-at="2024-03-29T10:30:11 IST" name="Test" finished-at="2024-03-29T10:32:08 IST" duration-ms="117197">
      <class name="TestCase.Test_HealthInsurance">
        <test-method is-config="true" signature="beforeTest()[pri:0, instance:TestCase.Test_HealthInsurance@b9b00e0]" started-at="2024-03-29T10:30:32 IST" name="beforeTest" finished-at="2024-03-29T10:30:46 IST" duration-ms="14030" status="PASS">
          <reporter-output>
          </reporter-output>
        </test-method> <!-- beforeTest -->
        <test-method signature="f()[pri:0, instance:TestCase.Test_HealthInsurance@b9b00e0]" started-at="2024-03-29T10:31:51 IST" name="f" finished-at="2024-03-29T10:31:52 IST" duration-ms="844" status="PASS">
          <reporter-output>
          </reporter-output>
        </test-method> <!-- f -->
        <test-method is-config="true" signature="afterTest()[pri:0, instance:TestCase.Test_HealthInsurance@b9b00e0]" started-at="2024-03-29T10:31:57 IST" name="afterTest" finished-at="2024-03-29T10:32:03 IST" duration-ms="5289" status="PASS">
          <reporter-output>
          </reporter-output>
        </test-method> <!-- afterTest -->
      </class> <!-- TestCase.Test_HealthInsurance -->
      <class name="TestCase.Test_CarInsurance">
        <test-method is-config="true" signature="beforeTest()[pri:0, instance:TestCase.Test_CarInsurance@13fd2ccd]" started-at="2024-03-29T10:30:12 IST" name="beforeTest" finished-at="2024-03-29T10:30:32 IST" duration-ms="20247" status="PASS">
          <reporter-output>
          </reporter-output>
        </test-method> <!-- beforeTest -->
        <test-method signature="f()[pri:0, instance:TestCase.Test_CarInsurance@13fd2ccd]" started-at="2024-03-29T10:31:39 IST" name="f" finished-at="2024-03-29T10:31:51 IST" duration-ms="11766" status="PASS">
          <reporter-output>
          </reporter-output>
        </test-method> <!-- f -->
        <test-method is-config="true" signature="afterTest()[pri:0, instance:TestCase.Test_CarInsurance@13fd2ccd]" started-at="2024-03-29T10:31:52 IST" name="afterTest" finished-at="2024-03-29T10:31:57 IST" duration-ms="5753" status="PASS">
          <reporter-output>
          </reporter-output>
        </test-method> <!-- afterTest -->
      </class> <!-- TestCase.Test_CarInsurance -->
      <class name="TestCase.Test_TravelInsurance">
        <test-method is-config="true" signature="beforeTest()[pri:0, instance:TestCase.Test_TravelInsurance@4c1909a3]" started-at="2024-03-29T10:30:46 IST" name="beforeTest" finished-at="2024-03-29T10:31:00 IST" duration-ms="13807" status="PASS">
          <reporter-output>
          </reporter-output>
        </test-method> <!-- beforeTest -->
        <test-method signature="tHealth()[pri:0, instance:TestCase.Test_TravelInsurance@4c1909a3]" started-at="2024-03-29T10:31:00 IST" name="tHealth" finished-at="2024-03-29T10:31:39 IST" duration-ms="38700" status="FAIL">
          <exception class="org.openqa.selenium.ElementClickInterceptedException">
            <message>
              <![CDATA[element click intercepted: Element <input id="Traveller_1" type="checkbox" name="AMT" value="23"> is not clickable at point (873, 183). Other element would receive the click: <div class="exitIntent__flex">...</div>
  (Session info: MicrosoftEdge=122.0.2365.92)
Build info: version: '4.18.1', revision: 'b1d3319b48'
System info: os.name: 'Windows 11', os.arch: 'amd64', os.version: '10.0', java.version: '17.0.9'
Driver info: org.openqa.selenium.edge.EdgeDriver
Command: [18ec6a3641dc79710a706c10844fa156, clickElement {id=f.5FB9FDDB92DD5237CDF1EA7C4BFA009E.d.790E1CBAE8A58C3A97906B3D90A828D6.e.1065}]
Capabilities {acceptInsecureCerts: false, browserName: MicrosoftEdge, browserVersion: 122.0.2365.92, fedcm:accounts: true, ms:edgeOptions: {debuggerAddress: localhost:61926}, msedge: {msedgedriverVersion: 122.0.2365.113 (9bf34bfff1f..., userDataDir: C:\Windows\SystemTemp\scope...}, networkConnectionEnabled: false, pageLoadStrategy: normal, platformName: windows, proxy: Proxy(), se:cdp: ws://localhost:61926/devtoo..., se:cdpVersion: 122.0.2365.92, setWindowRect: true, strictFileInteractability: false, timeouts: {implicit: 0, pageLoad: 300000, script: 30000}, unhandledPromptBehavior: dismiss and notify, webauthn:extension:credBlob: true, webauthn:extension:largeBlob: true, webauthn:extension:minPinLength: true, webauthn:extension:prf: true, webauthn:virtualAuthenticators: true}
Element: [[EdgeDriver: MicrosoftEdge on windows (18ec6a3641dc79710a706c10844fa156)] -> id: Traveller_1]
Session ID: 18ec6a3641dc79710a706c10844fa156]]>
            </message>
            <full-stacktrace>
              <![CDATA[org.openqa.selenium.ElementClickInterceptedException: element click intercepted: Element <input id="Traveller_1" type="checkbox" name="AMT" value="23"> is not clickable at point (873, 183). Other element would receive the click: <div class="exitIntent__flex">...</div>
  (Session info: MicrosoftEdge=122.0.2365.92)
Build info: version: '4.18.1', revision: 'b1d3319b48'
System info: os.name: 'Windows 11', os.arch: 'amd64', os.version: '10.0', java.version: '17.0.9'
Driver info: org.openqa.selenium.edge.EdgeDriver
Command: [18ec6a3641dc79710a706c10844fa156, clickElement {id=f.5FB9FDDB92DD5237CDF1EA7C4BFA009E.d.790E1CBAE8A58C3A97906B3D90A828D6.e.1065}]
Capabilities {acceptInsecureCerts: false, browserName: MicrosoftEdge, browserVersion: 122.0.2365.92, fedcm:accounts: true, ms:edgeOptions: {debuggerAddress: localhost:61926}, msedge: {msedgedriverVersion: 122.0.2365.113 (9bf34bfff1f..., userDataDir: C:\Windows\SystemTemp\scope...}, networkConnectionEnabled: false, pageLoadStrategy: normal, platformName: windows, proxy: Proxy(), se:cdp: ws://localhost:61926/devtoo..., se:cdpVersion: 122.0.2365.92, setWindowRect: true, strictFileInteractability: false, timeouts: {implicit: 0, pageLoad: 300000, script: 30000}, unhandledPromptBehavior: dismiss and notify, webauthn:extension:credBlob: true, webauthn:extension:largeBlob: true, webauthn:extension:minPinLength: true, webauthn:extension:prf: true, webauthn:virtualAuthenticators: true}
Element: [[EdgeDriver: MicrosoftEdge on windows (18ec6a3641dc79710a706c10844fa156)] -> id: Traveller_1]
Session ID: 18ec6a3641dc79710a706c10844fa156
at java.base/jdk.internal.reflect.NativeConstructorAccessorImpl.newInstance0(Native Method)
at java.base/jdk.internal.reflect.NativeConstructorAccessorImpl.newInstance(NativeConstructorAccessorImpl.java:77)
at java.base/jdk.internal.reflect.DelegatingConstructorAccessorImpl.newInstance(DelegatingConstructorAccessorImpl.java:45)
at java.base/java.lang.reflect.Constructor.newInstanceWithCaller(Constructor.java:499)
at java.base/java.lang.reflect.Constructor.newInstance(Constructor.java:480)
at org.openqa.selenium.remote.ErrorCodec.decode(ErrorCodec.java:167)
at org.openqa.selenium.remote.codec.w3c.W3CHttpResponseCodec.decode(W3CHttpResponseCodec.java:138)
at org.openqa.selenium.remote.codec.w3c.W3CHttpResponseCodec.decode(W3CHttpResponseCodec.java:50)
at org.openqa.selenium.remote.HttpCommandExecutor.execute(HttpCommandExecutor.java:190)
at org.openqa.selenium.remote.service.DriverCommandExecutor.invokeExecute(DriverCommandExecutor.java:216)
at org.openqa.selenium.remote.service.DriverCommandExecutor.execute(DriverCommandExecutor.java:174)
at org.openqa.selenium.remote.RemoteWebDriver.execute(RemoteWebDriver.java:519)
at org.openqa.selenium.remote.RemoteWebElement.execute(RemoteWebElement.java:223)
at org.openqa.selenium.remote.RemoteWebElement.click(RemoteWebElement.java:76)
at PageObject.TI_finalPlan.plan(TI_finalPlan.java:20)
at TestCase.Test_TravelInsurance.tHealth(Test_TravelInsurance.java:55)
at java.base/jdk.internal.reflect.NativeMethodAccessorImpl.invoke0(Native Method)
at java.base/jdk.internal.reflect.NativeMethodAccessorImpl.invoke(NativeMethodAccessorImpl.java:77)
at java.base/jdk.internal.reflect.DelegatingMethodAccessorImpl.invoke(DelegatingMethodAccessorImpl.java:43)
at java.base/java.lang.reflect.Method.invoke(Method.java:568)
at org.testng.internal.invokers.MethodInvocationHelper.invokeMethod(MethodInvocationHelper.java:139)
at org.testng.internal.invokers.TestInvoker.invokeMethod(TestInvoker.java:677)
at org.testng.internal.invokers.TestInvoker.invokeTestMethod(TestInvoker.java:221)
at org.testng.internal.invokers.MethodRunner.runInSequence(MethodRunner.java:50)
at org.testng.internal.invokers.TestInvoker$MethodInvocationAgent.invoke(TestInvoker.java:969)
at org.testng.internal.invokers.TestInvoker.invokeTestMethods(TestInvoker.java:194)
at org.testng.internal.invokers.TestMethodWorker.invokeTestMethods(TestMethodWorker.java:148)
at org.testng.internal.invokers.TestMethodWorker.run(TestMethodWorker.java:128)
at java.base/java.util.ArrayList.forEach(ArrayList.java:1511)
at org.testng.TestRunner.privateRun(TestRunner.java:829)
at org.testng.TestRunner.run(TestRunner.java:602)
at org.testng.SuiteRunner.runTest(SuiteRunner.java:437)
at org.testng.SuiteRunner.runSequentially(SuiteRunner.java:431)
at org.testng.SuiteRunner.privateRun(SuiteRunner.java:391)
at org.testng.SuiteRunner.run(SuiteRunner.java:330)
at org.testng.SuiteRunnerWorker.runSuite(SuiteRunnerWorker.java:52)
at org.testng.SuiteRunnerWorker.run(SuiteRunnerWorker.java:95)
at org.testng.TestNG.runSuitesSequentially(TestNG.java:1256)
at org.testng.TestNG.runSuitesLocally(TestNG.java:1176)
at org.testng.TestNG.runSuites(TestNG.java:1099)
at org.testng.TestNG.run(TestNG.java:1067)
at org.testng.remote.AbstractRemoteTestNG.run(AbstractRemoteTestNG.java:115)
at org.testng.remote.RemoteTestNG.initAndRun(RemoteTestNG.java:251)
at org.testng.remote.RemoteTestNG.main(RemoteTestNG.java:77)
]]>
            </full-stacktrace>
          </exception> <!-- org.openqa.selenium.ElementClickInterceptedException -->
          <reporter-output>
          </reporter-output>
        </test-method> <!-- tHealth -->
        <test-method is-config="true" signature="afterTest()[pri:0, instance:TestCase.Test_TravelInsurance@4c1909a3]" started-at="2024-03-29T10:32:03 IST" name="afterTest" finished-at="2024-03-29T10:32:08 IST" duration-ms="5713" status="PASS">
          <reporter-output>
          </reporter-output>
        </test-method> <!-- afterTest -->
      </class> <!-- TestCase.Test_TravelInsurance -->
    </test> <!-- Test -->
  </suite> <!-- Suite -->
</testng-results>
